<?xml version="1.0" encoding="utf-8"?><testsuites name="pytest tests"><testsuite name="pytest" errors="0" failures="0" skipped="0" tests="14" time="4.832" timestamp="2026-09-17T15:19:43.660353+00:00" hostname="agent-env-e6f7b2d9-a1c7-4082-bd94-207d8bb7fd9f"><testcase classname="tests.test_auth" name="test_me_guest" time="0.161" /><testcase classname="tests.test_auth" name="test_register_duplicate_rejected" time="0.431" /><testcase classname="tests.test_auth" name="test_register_short_password" time="0.077" /><testcase classname="tests.test_auth" name="test_login_wrong_password" time="0.318" /><testcase classname="tests.test_auth" name="test_login_success_and_me" time="0.454" /><testcase classname="tests.test_auth" name="test_logout_clears_cookie" time="0.503" /><testcase classname="tests.test_auth" name="test_create_field_sets_ownerId" time="0.114" /><testcase classname="tests.test_auth" name="test_guest_cannot_see_owned_fields" time="0.234" /><testcase classname="tests.test_auth" name="test_user_b_cannot_modify_user_a_field" time="0.622" /><testcase classname="tests.test_auth" name="test_guest_and_user_can_see_ownerless_fields" time="0.267" /><testcase classname="tests.test_auth" name="test_backup_shape" time="0.161" /><testcase classname="tests.test_auth" name="test_restore_imports_with_new_ids" time="0.154" /><testcase classname="tests.test_auth" name="test_claim_guest_fields" time="0.744" /><testcase classname="tests.test_auth" name="test_claim_requires_auth" time="0.090" /></testsuite></testsuites>