<?xml version="1.0" encoding="utf-8"?><testsuites name="pytest tests"><testsuite name="pytest" errors="0" failures="0" skipped="0" tests="23" time="5.018" timestamp="2026-09-17T15:19:55.445683+00:00" hostname="agent-env-e6f7b2d9-a1c7-4082-bd94-207d8bb7fd9f"><testcase classname="tests.backend_test" name="test_root_ok" time="0.163" /><testcase classname="tests.test_auth" name="test_me_guest" time="0.116" /><testcase classname="tests.backend_test" name="test_list_fields" time="0.273" /><testcase classname="tests.test_auth" name="test_register_duplicate_rejected" time="0.419" /><testcase classname="tests.backend_test" name="test_create_field" time="0.056" /><testcase classname="tests.backend_test" name="test_get_field" time="0.169" /><testcase classname="tests.test_auth" name="test_register_short_password" time="0.078" /><testcase classname="tests.test_auth" name="test_login_wrong_password" time="0.376" /><testcase classname="tests.backend_test" name="test_update_field" time="0.288" /><testcase classname="tests.backend_test" name="test_update_headland_sidemargin_persistence" time="0.361" /><testcase classname="tests.test_auth" name="test_login_success_and_me" time="0.538" /><testcase classname="tests.backend_test" name="test_duplicate_field" time="0.049" /><testcase classname="tests.backend_test" name="test_delete_field" time="0.479" /><testcase classname="tests.test_auth" name="test_logout_clears_cookie" time="0.451" /><testcase classname="tests.backend_test" name="test_delete_nonexistent" time="0.072" /><testcase classname="tests.test_auth" name="test_create_field_sets_ownerId" time="0.156" /><testcase classname="tests.test_auth" name="test_guest_cannot_see_owned_fields" time="0.225" /><testcase classname="tests.test_auth" name="test_user_b_cannot_modify_user_a_field" time="0.631" /><testcase classname="tests.test_auth" name="test_guest_and_user_can_see_ownerless_fields" time="0.288" /><testcase classname="tests.test_auth" name="test_backup_shape" time="0.163" /><testcase classname="tests.test_auth" name="test_restore_imports_with_new_ids" time="0.227" /><testcase classname="tests.test_auth" name="test_claim_guest_fields" time="0.677" /><testcase classname="tests.test_auth" name="test_claim_requires_auth" time="0.099" /></testsuite></testsuites>