<?xml version="1.0" encoding="utf-8"?><testsuites name="pytest tests"><testsuite name="pytest" errors="0" failures="0" skipped="0" tests="9" time="1.439" timestamp="2026-09-17T14:48:08.731428+00:00" hostname="agent-env-e6f7b2d9-a1c7-4082-bd94-207d8bb7fd9f"><testcase classname="tests.backend_test" name="test_root_ok" time="0.164" /><testcase classname="tests.backend_test" name="test_list_fields" time="0.092" /><testcase classname="tests.backend_test" name="test_create_field" time="0.055" /><testcase classname="tests.backend_test" name="test_get_field" time="0.046" /><testcase classname="tests.backend_test" name="test_update_field" time="0.161" /><testcase classname="tests.backend_test" name="test_update_headland_sidemargin_persistence" time="0.090" /><testcase classname="tests.backend_test" name="test_duplicate_field" time="0.044" /><testcase classname="tests.backend_test" name="test_delete_field" time="0.200" /><testcase classname="tests.backend_test" name="test_delete_nonexistent" time="0.044" /></testsuite></testsuites>